[1.905s] Invoking command in '/home/dyx/game_2_ws/src/publish/village_li': PYTHONPATH=/home/dyx/game_2_ws/src/publish/build/village_li/prefix_override:/usr/lib/python3/dist-packages/colcon_core/task/python/colcon_distutils_commands:/home/dyx/game_2_ws/src/publish/install/village_li/lib/python3.10/site-packages:${PYTHONPATH} /usr/bin/python3 -W ignore:setup.py install is deprecated -W ignore:easy_install command is deprecated setup.py egg_info --egg-base ../build/village_li build --build-base /home/dyx/game_2_ws/src/publish/build/village_li/build install --record /home/dyx/game_2_ws/src/publish/build/village_li/install.log --single-version-externally-managed install_data
[2.531s] running egg_info
[2.533s] creating ../build/village_li/village_li.egg-info
[2.533s] writing ../build/village_li/village_li.egg-info/PKG-INFO
[2.535s] writing dependency_links to ../build/village_li/village_li.egg-info/dependency_links.txt
[2.535s] writing entry points to ../build/village_li/village_li.egg-info/entry_points.txt
[2.536s] writing requirements to ../build/village_li/village_li.egg-info/requires.txt
[2.537s] writing top-level names to ../build/village_li/village_li.egg-info/top_level.txt
[2.537s] writing manifest file '../build/village_li/village_li.egg-info/SOURCES.txt'
[2.542s] reading manifest file '../build/village_li/village_li.egg-info/SOURCES.txt'
[2.544s] writing manifest file '../build/village_li/village_li.egg-info/SOURCES.txt'
[2.544s] running build
[2.546s] running build_py
[2.546s] creating /home/dyx/game_2_ws/src/publish/build/village_li/build
[2.546s] creating /home/dyx/game_2_ws/src/publish/build/village_li/build/lib
[2.546s] creating /home/dyx/game_2_ws/src/publish/build/village_li/build/lib/village_li
[2.546s] copying village_li/__init__.py -> /home/dyx/game_2_ws/src/publish/build/village_li/build/lib/village_li
[2.546s] copying village_li/publish.py -> /home/dyx/game_2_ws/src/publish/build/village_li/build/lib/village_li
[2.546s] running install
[2.546s] running install_lib
[2.548s] creating /home/dyx/game_2_ws/src/publish/install/village_li/lib/python3.10/site-packages/village_li
[2.548s] copying /home/dyx/game_2_ws/src/publish/build/village_li/build/lib/village_li/__init__.py -> /home/dyx/game_2_ws/src/publish/install/village_li/lib/python3.10/site-packages/village_li
[2.554s] copying /home/dyx/game_2_ws/src/publish/build/village_li/build/lib/village_li/publish.py -> /home/dyx/game_2_ws/src/publish/install/village_li/lib/python3.10/site-packages/village_li
[2.554s] byte-compiling /home/dyx/game_2_ws/src/publish/install/village_li/lib/python3.10/site-packages/village_li/__init__.py to __init__.cpython-310.pyc
[2.554s] byte-compiling /home/dyx/game_2_ws/src/publish/install/village_li/lib/python3.10/site-packages/village_li/publish.py to publish.cpython-310.pyc
[2.555s] running install_data
[2.555s] creating /home/dyx/game_2_ws/src/publish/install/village_li/share/ament_index
[2.555s] creating /home/dyx/game_2_ws/src/publish/install/village_li/share/ament_index/resource_index
[2.557s] creating /home/dyx/game_2_ws/src/publish/install/village_li/share/ament_index/resource_index/packages
[2.557s] copying resource/village_li -> /home/dyx/game_2_ws/src/publish/install/village_li/share/ament_index/resource_index/packages
[2.557s] copying package.xml -> /home/dyx/game_2_ws/src/publish/install/village_li/share/village_li
[2.557s] running install_egg_info
[2.569s] Copying ../build/village_li/village_li.egg-info to /home/dyx/game_2_ws/src/publish/install/village_li/lib/python3.10/site-packages/village_li-0.0.0-py3.10.egg-info
[2.569s] running install_scripts
[2.621s] Installing publish_node script to /home/dyx/game_2_ws/src/publish/install/village_li/lib/village_li
[2.622s] writing list of installed files to '/home/dyx/game_2_ws/src/publish/build/village_li/install.log'
[2.666s] Invoked command in '/home/dyx/game_2_ws/src/publish/village_li' returned '0': PYTHONPATH=/home/dyx/game_2_ws/src/publish/build/village_li/prefix_override:/usr/lib/python3/dist-packages/colcon_core/task/python/colcon_distutils_commands:/home/dyx/game_2_ws/src/publish/install/village_li/lib/python3.10/site-packages:${PYTHONPATH} /usr/bin/python3 -W ignore:setup.py install is deprecated -W ignore:easy_install command is deprecated setup.py egg_info --egg-base ../build/village_li build --build-base /home/dyx/game_2_ws/src/publish/build/village_li/build install --record /home/dyx/game_2_ws/src/publish/build/village_li/install.log --single-version-externally-managed install_data
