running egg_info
creating build/xiao_wang/xiao_wang.egg-info
writing build/xiao_wang/xiao_wang.egg-info/PKG-INFO
writing dependency_links to build/xiao_wang/xiao_wang.egg-info/dependency_links.txt
writing entry points to build/xiao_wang/xiao_wang.egg-info/entry_points.txt
writing requirements to build/xiao_wang/xiao_wang.egg-info/requires.txt
writing top-level names to build/xiao_wang/xiao_wang.egg-info/top_level.txt
writing manifest file 'build/xiao_wang/xiao_wang.egg-info/SOURCES.txt'
reading manifest file 'build/xiao_wang/xiao_wang.egg-info/SOURCES.txt'
writing manifest file 'build/xiao_wang/xiao_wang.egg-info/SOURCES.txt'
running build
running build_py
creating /home/wlc/game_ws/src/xiao_wang/build/xiao_wang/build
creating /home/wlc/game_ws/src/xiao_wang/build/xiao_wang/build/lib
creating /home/wlc/game_ws/src/xiao_wang/build/xiao_wang/build/lib/xiao_wang
copying xiao_wang/xiaowang.py -> /home/wlc/game_ws/src/xiao_wang/build/xiao_wang/build/lib/xiao_wang
copying xiao_wang/__init__.py -> /home/wlc/game_ws/src/xiao_wang/build/xiao_wang/build/lib/xiao_wang
running install
running install_lib
creating /home/wlc/game_ws/src/xiao_wang/install/xiao_wang/lib/python3.10/site-packages/xiao_wang
copying /home/wlc/game_ws/src/xiao_wang/build/xiao_wang/build/lib/xiao_wang/xiaowang.py -> /home/wlc/game_ws/src/xiao_wang/install/xiao_wang/lib/python3.10/site-packages/xiao_wang
copying /home/wlc/game_ws/src/xiao_wang/build/xiao_wang/build/lib/xiao_wang/__init__.py -> /home/wlc/game_ws/src/xiao_wang/install/xiao_wang/lib/python3.10/site-packages/xiao_wang
byte-compiling /home/wlc/game_ws/src/xiao_wang/install/xiao_wang/lib/python3.10/site-packages/xiao_wang/xiaowang.py to xiaowang.cpython-310.pyc
byte-compiling /home/wlc/game_ws/src/xiao_wang/install/xiao_wang/lib/python3.10/site-packages/xiao_wang/__init__.py to __init__.cpython-310.pyc
running install_data
creating /home/wlc/game_ws/src/xiao_wang/install/xiao_wang/share/ament_index
creating /home/wlc/game_ws/src/xiao_wang/install/xiao_wang/share/ament_index/resource_index
creating /home/wlc/game_ws/src/xiao_wang/install/xiao_wang/share/ament_index/resource_index/packages
copying resource/xiao_wang -> /home/wlc/game_ws/src/xiao_wang/install/xiao_wang/share/ament_index/resource_index/packages
copying package.xml -> /home/wlc/game_ws/src/xiao_wang/install/xiao_wang/share/xiao_wang
running install_egg_info
Copying build/xiao_wang/xiao_wang.egg-info to /home/wlc/game_ws/src/xiao_wang/install/xiao_wang/lib/python3.10/site-packages/xiao_wang-0.0.0-py3.10.egg-info
running install_scripts
Installing xiaowang_node script to /home/wlc/game_ws/src/xiao_wang/install/xiao_wang/lib/xiao_wang
writing list of installed files to '/home/wlc/game_ws/src/xiao_wang/build/xiao_wang/install.log'
