[0.504s] Invoking command in '/home/wlc/game_ws/src/xiao_wang': PYTHONPATH=/home/wlc/game_ws/src/xiao_wang/build/xiao_wang/prefix_override:/usr/lib/python3/dist-packages/colcon_core/task/python/colcon_distutils_commands:/home/wlc/game_ws/src/xiao_wang/install/xiao_wang/lib/python3.10/site-packages:${PYTHONPATH} /usr/bin/python3 -W ignore:setup.py install is deprecated -W ignore:easy_install command is deprecated setup.py egg_info --egg-base build/xiao_wang build --build-base /home/wlc/game_ws/src/xiao_wang/build/xiao_wang/build install --record /home/wlc/game_ws/src/xiao_wang/build/xiao_wang/install.log --single-version-externally-managed install_data
[0.699s] running egg_info
[0.699s] creating build/xiao_wang/xiao_wang.egg-info
[0.700s] writing build/xiao_wang/xiao_wang.egg-info/PKG-INFO
[0.700s] writing dependency_links to build/xiao_wang/xiao_wang.egg-info/dependency_links.txt
[0.700s] writing entry points to build/xiao_wang/xiao_wang.egg-info/entry_points.txt
[0.700s] writing requirements to build/xiao_wang/xiao_wang.egg-info/requires.txt
[0.700s] writing top-level names to build/xiao_wang/xiao_wang.egg-info/top_level.txt
[0.701s] writing manifest file 'build/xiao_wang/xiao_wang.egg-info/SOURCES.txt'
[0.702s] reading manifest file 'build/xiao_wang/xiao_wang.egg-info/SOURCES.txt'
[0.703s] writing manifest file 'build/xiao_wang/xiao_wang.egg-info/SOURCES.txt'
[0.703s] running build
[0.703s] running build_py
[0.703s] creating /home/wlc/game_ws/src/xiao_wang/build/xiao_wang/build
[0.703s] creating /home/wlc/game_ws/src/xiao_wang/build/xiao_wang/build/lib
[0.703s] creating /home/wlc/game_ws/src/xiao_wang/build/xiao_wang/build/lib/xiao_wang
[0.703s] copying xiao_wang/xiaowang.py -> /home/wlc/game_ws/src/xiao_wang/build/xiao_wang/build/lib/xiao_wang
[0.703s] copying xiao_wang/__init__.py -> /home/wlc/game_ws/src/xiao_wang/build/xiao_wang/build/lib/xiao_wang
[0.703s] running install
[0.703s] running install_lib
[0.704s] creating /home/wlc/game_ws/src/xiao_wang/install/xiao_wang/lib/python3.10/site-packages/xiao_wang
[0.704s] copying /home/wlc/game_ws/src/xiao_wang/build/xiao_wang/build/lib/xiao_wang/xiaowang.py -> /home/wlc/game_ws/src/xiao_wang/install/xiao_wang/lib/python3.10/site-packages/xiao_wang
[0.707s] copying /home/wlc/game_ws/src/xiao_wang/build/xiao_wang/build/lib/xiao_wang/__init__.py -> /home/wlc/game_ws/src/xiao_wang/install/xiao_wang/lib/python3.10/site-packages/xiao_wang
[0.707s] byte-compiling /home/wlc/game_ws/src/xiao_wang/install/xiao_wang/lib/python3.10/site-packages/xiao_wang/xiaowang.py to xiaowang.cpython-310.pyc
[0.707s] byte-compiling /home/wlc/game_ws/src/xiao_wang/install/xiao_wang/lib/python3.10/site-packages/xiao_wang/__init__.py to __init__.cpython-310.pyc
[0.707s] running install_data
[0.707s] creating /home/wlc/game_ws/src/xiao_wang/install/xiao_wang/share/ament_index
[0.707s] creating /home/wlc/game_ws/src/xiao_wang/install/xiao_wang/share/ament_index/resource_index
[0.707s] creating /home/wlc/game_ws/src/xiao_wang/install/xiao_wang/share/ament_index/resource_index/packages
[0.708s] copying resource/xiao_wang -> /home/wlc/game_ws/src/xiao_wang/install/xiao_wang/share/ament_index/resource_index/packages
[0.708s] copying package.xml -> /home/wlc/game_ws/src/xiao_wang/install/xiao_wang/share/xiao_wang
[0.708s] running install_egg_info
[0.708s] Copying build/xiao_wang/xiao_wang.egg-info to /home/wlc/game_ws/src/xiao_wang/install/xiao_wang/lib/python3.10/site-packages/xiao_wang-0.0.0-py3.10.egg-info
[0.708s] running install_scripts
[0.729s] Installing xiaowang_node script to /home/wlc/game_ws/src/xiao_wang/install/xiao_wang/lib/xiao_wang
[0.729s] writing list of installed files to '/home/wlc/game_ws/src/xiao_wang/build/xiao_wang/install.log'
[0.761s] Invoked command in '/home/wlc/game_ws/src/xiao_wang' returned '0': PYTHONPATH=/home/wlc/game_ws/src/xiao_wang/build/xiao_wang/prefix_override:/usr/lib/python3/dist-packages/colcon_core/task/python/colcon_distutils_commands:/home/wlc/game_ws/src/xiao_wang/install/xiao_wang/lib/python3.10/site-packages:${PYTHONPATH} /usr/bin/python3 -W ignore:setup.py install is deprecated -W ignore:easy_install command is deprecated setup.py egg_info --egg-base build/xiao_wang build --build-base /home/wlc/game_ws/src/xiao_wang/build/xiao_wang/build install --record /home/wlc/game_ws/src/xiao_wang/build/xiao_wang/install.log --single-version-externally-managed install_data
