[0.117s] DEBUG:colcon:Command line arguments: ['/usr/bin/colcon', 'build']
[0.118s] DEBUG:colcon:Parsed command line arguments: Namespace(log_base=None, log_level=None, verb_name='build', build_base='build', install_base='install', merge_install=False, symlink_install=False, test_result_base=None, continue_on_error=False, executor='parallel', parallel_workers=4, event_handlers=None, ignore_user_meta=False, metas=['./colcon.meta'], base_paths=['.'], packages_ignore=None, packages_ignore_regex=None, paths=None, packages_up_to=None, packages_up_to_regex=None, packages_above=None, packages_above_and_dependencies=None, packages_above_depth=None, packages_select_by_dep=None, packages_skip_by_dep=None, packages_skip_up_to=None, packages_select_build_failed=False, packages_skip_build_finished=False, packages_select_test_failures=False, packages_skip_test_passed=False, packages_select=None, packages_skip=None, packages_select_regex=None, packages_skip_regex=None, packages_start=None, packages_end=None, allow_overriding=[], cmake_args=None, cmake_target=None, cmake_target_skip_unavailable=False, cmake_clean_cache=False, cmake_clean_first=False, cmake_force_configure=False, ament_cmake_args=None, catkin_cmake_args=None, catkin_skip_building_tests=False, verb_parser=<colcon_defaults.argument_parser.defaults.DefaultArgumentsDecorator object at 0x710104f4c910>, verb_extension=<colcon_core.verb.build.BuildVerb object at 0x7101050cd690>, main=<bound method BuildVerb.main of <colcon_core.verb.build.BuildVerb object at 0x7101050cd690>>)
[0.253s] Level 1:colcon.colcon_core.package_discovery:discover_packages(colcon_meta) check parameters
[0.253s] Level 1:colcon.colcon_core.package_discovery:discover_packages(recursive) check parameters
[0.253s] Level 1:colcon.colcon_core.package_discovery:discover_packages(ignore) check parameters
[0.253s] Level 1:colcon.colcon_core.package_discovery:discover_packages(path) check parameters
[0.253s] Level 1:colcon.colcon_core.package_discovery:discover_packages(colcon_meta) discover
[0.253s] Level 1:colcon.colcon_core.package_discovery:discover_packages(recursive) discover
[0.253s] INFO:colcon.colcon_core.package_discovery:Crawling recursively for packages in '/home/wlc/game_ws/src/xiao_wang'
[0.253s] Level 1:colcon.colcon_core.package_identification:_identify(.) by extensions ['ignore', 'ignore_ament_install']
[0.253s] Level 1:colcon.colcon_core.package_identification:_identify(.) by extension 'ignore'
[0.253s] Level 1:colcon.colcon_core.package_identification:_identify(.) by extension 'ignore_ament_install'
[0.253s] Level 1:colcon.colcon_core.package_identification:_identify(.) by extensions ['colcon_pkg']
[0.253s] Level 1:colcon.colcon_core.package_identification:_identify(.) by extension 'colcon_pkg'
[0.253s] Level 1:colcon.colcon_core.package_identification:_identify(.) by extensions ['colcon_meta']
[0.253s] Level 1:colcon.colcon_core.package_identification:_identify(.) by extension 'colcon_meta'
[0.253s] Level 1:colcon.colcon_core.package_identification:_identify(.) by extensions ['ros']
[0.253s] Level 1:colcon.colcon_core.package_identification:_identify(.) by extension 'ros'
[0.266s] DEBUG:colcon.colcon_core.package_identification:Package '.' with type 'ros.ament_python' and name 'xiao_wang'
[0.266s] Level 1:colcon.colcon_core.package_discovery:discover_packages(recursive) using defaults
[0.266s] Level 1:colcon.colcon_core.package_discovery:discover_packages(ignore) discover
[0.266s] Level 1:colcon.colcon_core.package_discovery:discover_packages(ignore) using defaults
[0.266s] Level 1:colcon.colcon_core.package_discovery:discover_packages(path) discover
[0.266s] Level 1:colcon.colcon_core.package_discovery:discover_packages(path) using defaults
[0.290s] Level 1:colcon.colcon_core.package_discovery:discover_packages(prefix_path) check parameters
[0.290s] Level 1:colcon.colcon_core.package_discovery:discover_packages(prefix_path) discover
[0.294s] DEBUG:colcon.colcon_installed_package_information.package_discovery:Found 12 installed packages in /home/wlc/dev_ws/install
[0.295s] DEBUG:colcon.colcon_installed_package_information.package_discovery:Found 332 installed packages in /opt/ros/humble
[0.296s] Level 1:colcon.colcon_core.package_discovery:discover_packages(prefix_path) using defaults
[0.338s] Level 5:colcon.colcon_core.verb:set package 'xiao_wang' build argument 'cmake_args' from command line to 'None'
[0.338s] Level 5:colcon.colcon_core.verb:set package 'xiao_wang' build argument 'cmake_target' from command line to 'None'
[0.338s] Level 5:colcon.colcon_core.verb:set package 'xiao_wang' build argument 'cmake_target_skip_unavailable' from command line to 'False'
[0.338s] Level 5:colcon.colcon_core.verb:set package 'xiao_wang' build argument 'cmake_clean_cache' from command line to 'False'
[0.338s] Level 5:colcon.colcon_core.verb:set package 'xiao_wang' build argument 'cmake_clean_first' from command line to 'False'
[0.338s] Level 5:colcon.colcon_core.verb:set package 'xiao_wang' build argument 'cmake_force_configure' from command line to 'False'
[0.338s] Level 5:colcon.colcon_core.verb:set package 'xiao_wang' build argument 'ament_cmake_args' from command line to 'None'
[0.338s] Level 5:colcon.colcon_core.verb:set package 'xiao_wang' build argument 'catkin_cmake_args' from command line to 'None'
[0.338s] Level 5:colcon.colcon_core.verb:set package 'xiao_wang' build argument 'catkin_skip_building_tests' from command line to 'False'
[0.338s] DEBUG:colcon.colcon_core.verb:Building package 'xiao_wang' with the following arguments: {'ament_cmake_args': None, 'build_base': '/home/wlc/game_ws/src/xiao_wang/build/xiao_wang', 'catkin_cmake_args': None, 'catkin_skip_building_tests': False, 'cmake_args': None, 'cmake_clean_cache': False, 'cmake_clean_first': False, 'cmake_force_configure': False, 'cmake_target': None, 'cmake_target_skip_unavailable': False, 'install_base': '/home/wlc/game_ws/src/xiao_wang/install/xiao_wang', 'merge_install': False, 'path': '/home/wlc/game_ws/src/xiao_wang', 'symlink_install': False, 'test_result_base': None}
[0.338s] INFO:colcon.colcon_core.executor:Executing jobs using 'parallel' executor
[0.339s] DEBUG:colcon.colcon_parallel_executor.executor.parallel:run_until_complete
[0.340s] INFO:colcon.colcon_ros.task.ament_python.build:Building ROS package in '/home/wlc/game_ws/src/xiao_wang' with build type 'ament_python'
[0.340s] Level 1:colcon.colcon_core.shell:create_environment_hook('xiao_wang', 'ament_prefix_path')
[0.343s] INFO:colcon.colcon_core.plugin_system:Skipping extension 'colcon_core.shell.bat': Not used on non-Windows systems
[0.343s] INFO:colcon.colcon_core.shell:Creating environment hook '/home/wlc/game_ws/src/xiao_wang/install/xiao_wang/share/xiao_wang/hook/ament_prefix_path.ps1'
[0.345s] INFO:colcon.colcon_core.shell:Creating environment descriptor '/home/wlc/game_ws/src/xiao_wang/install/xiao_wang/share/xiao_wang/hook/ament_prefix_path.dsv'
[0.345s] INFO:colcon.colcon_core.shell:Creating environment hook '/home/wlc/game_ws/src/xiao_wang/install/xiao_wang/share/xiao_wang/hook/ament_prefix_path.sh'
[0.346s] INFO:colcon.colcon_core.shell:Skip shell extension 'powershell' for command environment: Not usable outside of PowerShell
[0.346s] DEBUG:colcon.colcon_core.shell:Skip shell extension 'dsv' for command environment
[0.548s] INFO:colcon.colcon_core.task.python.build:Building Python package in '/home/wlc/game_ws/src/xiao_wang'
[0.548s] INFO:colcon.colcon_core.shell:Skip shell extension 'powershell' for command environment: Not usable outside of PowerShell
[0.548s] DEBUG:colcon.colcon_core.shell:Skip shell extension 'dsv' for command environment
[0.844s] DEBUG:colcon.colcon_core.event_handler.log_command:Invoking command in '/home/wlc/game_ws/src/xiao_wang': PYTHONPATH=/home/wlc/game_ws/src/xiao_wang/build/xiao_wang/prefix_override:/usr/lib/python3/dist-packages/colcon_core/task/python/colcon_distutils_commands:/home/wlc/game_ws/src/xiao_wang/install/xiao_wang/lib/python3.10/site-packages:${PYTHONPATH} /usr/bin/python3 -W ignore:setup.py install is deprecated -W ignore:easy_install command is deprecated setup.py egg_info --egg-base build/xiao_wang build --build-base /home/wlc/game_ws/src/xiao_wang/build/xiao_wang/build install --record /home/wlc/game_ws/src/xiao_wang/build/xiao_wang/install.log --single-version-externally-managed install_data
[1.102s] DEBUG:colcon.colcon_core.event_handler.log_command:Invoked command in '/home/wlc/game_ws/src/xiao_wang' returned '0': PYTHONPATH=/home/wlc/game_ws/src/xiao_wang/build/xiao_wang/prefix_override:/usr/lib/python3/dist-packages/colcon_core/task/python/colcon_distutils_commands:/home/wlc/game_ws/src/xiao_wang/install/xiao_wang/lib/python3.10/site-packages:${PYTHONPATH} /usr/bin/python3 -W ignore:setup.py install is deprecated -W ignore:easy_install command is deprecated setup.py egg_info --egg-base build/xiao_wang build --build-base /home/wlc/game_ws/src/xiao_wang/build/xiao_wang/build install --record /home/wlc/game_ws/src/xiao_wang/build/xiao_wang/install.log --single-version-externally-managed install_data
[1.110s] Level 1:colcon.colcon_core.environment:checking '/home/wlc/game_ws/src/xiao_wang/install/xiao_wang' for CMake module files
[1.111s] Level 1:colcon.colcon_core.environment:checking '/home/wlc/game_ws/src/xiao_wang/install/xiao_wang' for CMake config files
[1.112s] Level 1:colcon.colcon_core.environment:checking '/home/wlc/game_ws/src/xiao_wang/install/xiao_wang/lib'
[1.112s] Level 1:colcon.colcon_core.environment:checking '/home/wlc/game_ws/src/xiao_wang/install/xiao_wang/bin'
[1.112s] Level 1:colcon.colcon_core.environment:checking '/home/wlc/game_ws/src/xiao_wang/install/xiao_wang/lib/pkgconfig/xiao_wang.pc'
[1.112s] Level 1:colcon.colcon_core.environment:checking '/home/wlc/game_ws/src/xiao_wang/install/xiao_wang/lib/python3.10/site-packages'
[1.112s] Level 1:colcon.colcon_core.shell:create_environment_hook('xiao_wang', 'pythonpath')
[1.113s] INFO:colcon.colcon_core.shell:Creating environment hook '/home/wlc/game_ws/src/xiao_wang/install/xiao_wang/share/xiao_wang/hook/pythonpath.ps1'
[1.113s] INFO:colcon.colcon_core.shell:Creating environment descriptor '/home/wlc/game_ws/src/xiao_wang/install/xiao_wang/share/xiao_wang/hook/pythonpath.dsv'
[1.114s] INFO:colcon.colcon_core.shell:Creating environment hook '/home/wlc/game_ws/src/xiao_wang/install/xiao_wang/share/xiao_wang/hook/pythonpath.sh'
[1.114s] Level 1:colcon.colcon_core.environment:checking '/home/wlc/game_ws/src/xiao_wang/install/xiao_wang/bin'
[1.114s] Level 1:colcon.colcon_core.environment:create_environment_scripts_only(xiao_wang)
[1.115s] INFO:colcon.colcon_core.shell:Creating package script '/home/wlc/game_ws/src/xiao_wang/install/xiao_wang/share/xiao_wang/package.ps1'
[1.117s] INFO:colcon.colcon_core.shell:Creating package descriptor '/home/wlc/game_ws/src/xiao_wang/install/xiao_wang/share/xiao_wang/package.dsv'
[1.117s] INFO:colcon.colcon_core.shell:Creating package script '/home/wlc/game_ws/src/xiao_wang/install/xiao_wang/share/xiao_wang/package.sh'
[1.118s] INFO:colcon.colcon_core.shell:Creating package script '/home/wlc/game_ws/src/xiao_wang/install/xiao_wang/share/xiao_wang/package.bash'
[1.130s] INFO:colcon.colcon_core.shell:Creating package script '/home/wlc/game_ws/src/xiao_wang/install/xiao_wang/share/xiao_wang/package.zsh'
[1.131s] Level 1:colcon.colcon_core.environment:create_file_with_runtime_dependencies(/home/wlc/game_ws/src/xiao_wang/install/xiao_wang/share/colcon-core/packages/xiao_wang)
[1.132s] DEBUG:colcon.colcon_parallel_executor.executor.parallel:closing loop
[1.132s] DEBUG:colcon.colcon_parallel_executor.executor.parallel:loop closed
[1.132s] DEBUG:colcon.colcon_parallel_executor.executor.parallel:run_until_complete finished with '0'
[1.132s] DEBUG:colcon.colcon_core.event_reactor:joining thread
[1.146s] INFO:colcon.colcon_core.plugin_system:Skipping extension 'colcon_notification.desktop_notification.terminal_notifier': Not used on non-Darwin systems
[1.146s] INFO:colcon.colcon_core.plugin_system:Skipping extension 'colcon_notification.desktop_notification.win32': Not used on non-Windows systems
[1.146s] INFO:colcon.colcon_notification.desktop_notification:Sending desktop notification using 'notify2'
[1.169s] DEBUG:colcon.colcon_core.event_reactor:joined thread
[1.169s] INFO:colcon.colcon_core.shell:Creating prefix script '/home/wlc/game_ws/src/xiao_wang/install/local_setup.ps1'
[1.173s] INFO:colcon.colcon_core.shell:Creating prefix util module '/home/wlc/game_ws/src/xiao_wang/install/_local_setup_util_ps1.py'
[1.175s] INFO:colcon.colcon_core.shell:Creating prefix chain script '/home/wlc/game_ws/src/xiao_wang/install/setup.ps1'
[1.176s] INFO:colcon.colcon_core.shell:Creating prefix script '/home/wlc/game_ws/src/xiao_wang/install/local_setup.sh'
[1.177s] INFO:colcon.colcon_core.shell:Creating prefix util module '/home/wlc/game_ws/src/xiao_wang/install/_local_setup_util_sh.py'
[1.177s] INFO:colcon.colcon_core.shell:Creating prefix chain script '/home/wlc/game_ws/src/xiao_wang/install/setup.sh'
[1.178s] INFO:colcon.colcon_core.shell:Creating prefix script '/home/wlc/game_ws/src/xiao_wang/install/local_setup.bash'
[1.179s] INFO:colcon.colcon_core.shell:Creating prefix chain script '/home/wlc/game_ws/src/xiao_wang/install/setup.bash'
[1.180s] INFO:colcon.colcon_core.shell:Creating prefix script '/home/wlc/game_ws/src/xiao_wang/install/local_setup.zsh'
[1.180s] INFO:colcon.colcon_core.shell:Creating prefix chain script '/home/wlc/game_ws/src/xiao_wang/install/setup.zsh'
